This file contains any messages produced by compilers while
running configure, to aid debugging if configure makes a mistake.

It was created by configure, which was
generated by GNU Autoconf 2.63.  Invocation command line was

  $ ./configure 

## --------- ##
## Platform. ##
## --------- ##

hostname = fedora.localdomain
uname -m = i686
uname -r = 2.6.32.26-175.fc12.i686
uname -s = Linux
uname -v = #1 SMP Wed Dec 1 21:52:04 UTC 2010

/usr/bin/uname -p = unknown
/bin/uname -X     = unknown

/bin/arch              = i686
/usr/bin/arch -k       = unknown
/usr/convex/getsysinfo = unknown
/usr/bin/hostinfo      = unknown
/bin/machine           = unknown
/usr/bin/oslevel       = unknown
/bin/universe          = unknown

PATH: /usr/local/bin
PATH: /usr/bin
PATH: /bin
PATH: /usr/local/sbin
PATH: /usr/sbin
PATH: /sbin
PATH: /home/ren/bin


## ----------- ##
## Core tests. ##
## ----------- ##

configure:1860: checking for a BSD-compatible install
configure:1928: result: /usr/bin/install -c
configure:1939: checking whether build environment is sane
configure:1999: result: yes
configure:2140: checking for a thread-safe mkdir -p
configure:2179: result: /bin/mkdir -p
configure:2192: checking for gawk
configure:2208: found /usr/bin/gawk
configure:2219: result: gawk
configure:2230: checking whether make sets $(MAKE)
configure:2252: result: yes
configure:2384: checking for gcc
configure:2400: found /usr/bin/gcc
configure:2411: result: gcc
configure:2643: checking for C compiler version
configure:2651: gcc --version >&5
gcc (GCC) 4.4.4 20100630 (Red Hat 4.4.4-10)
Copyright (C) 2010 Free Software Foundation, Inc.
This is free software; see the source for copying conditions.  There is NO
warranty; not even for MERCHANTABILITY or FITNESS FOR A PARTICULAR PURPOSE.

configure:2655: $? = 0
configure:2662: gcc -v >&5
Using built-in specs.
Target: i686-redhat-linux
Configured with: ../configure --prefix=/usr --mandir=/usr/share/man --infodir=/usr/share/info --with-bugurl=http://bugzilla.redhat.com/bugzilla --enable-bootstrap --enable-shared --enable-threads=posix --enable-checking=release --with-system-zlib --enable-__cxa_atexit --disable-libunwind-exceptions --enable-gnu-unique-object --enable-languages=c,c++,objc,obj-c++,java,fortran,ada --enable-java-awt=gtk --disable-dssi --enable-plugin --with-java-home=/usr/lib/jvm/java-1.5.0-gcj-1.5.0.0/jre --enable-libgcj-multifile --enable-java-maintainer-mode --with-ecj-jar=/usr/share/java/eclipse-ecj.jar --disable-libjava-multilib --with-ppl --with-cloog --with-tune=generic --with-arch=i686 --build=i686-redhat-linux
Thread model: posix
gcc version 4.4.4 20100630 (Red Hat 4.4.4-10) (GCC) 
configure:2666: $? = 0
configure:2673: gcc -V >&5
gcc: '-V' option must have argument
configure:2677: $? = 1
configure:2700: checking for C compiler default output file name
configure:2722: gcc    conftest.c  >&5
configure:2726: $? = 0
configure:2764: result: a.out
configure:2783: checking whether the C compiler works
configure:2793: ./a.out
configure:2797: $? = 0
configure:2816: result: yes
configure:2823: checking whether we are cross compiling
configure:2825: result: no
configure:2828: checking for suffix of executables
configure:2835: gcc -o conftest    conftest.c  >&5
configure:2839: $? = 0
configure:2865: result: 
configure:2871: checking for suffix of object files
configure:2897: gcc -c   conftest.c >&5
configure:2901: $? = 0
configure:2926: result: o
configure:2930: checking whether we are using the GNU C compiler
configure:2959: gcc -c   conftest.c >&5
configure:2966: $? = 0
configure:2983: result: yes
configure:2992: checking whether gcc accepts -g
configure:3022: gcc -c -g  conftest.c >&5
configure:3029: $? = 0
configure:3130: result: yes
configure:3147: checking for gcc option to accept ISO C89
configure:3221: gcc  -c -g -O2  conftest.c >&5
configure:3228: $? = 0
configure:3251: result: none needed
configure:3280: checking for style of include used by make
configure:3308: result: GNU
configure:3333: checking dependency style of gcc
configure:3443: result: gcc3
configure:3464: checking how to run the C preprocessor
configure:3504: gcc -E  conftest.c
configure:3511: $? = 0
configure:3542: gcc -E  conftest.c
conftest.c:10:28: error: ac_nonexistent.h: No such file or directory
configure:3549: $? = 1
configure: failed program was:
| /* confdefs.h.  */
| #define PACKAGE_NAME ""
| #define PACKAGE_TARNAME ""
| #define PACKAGE_VERSION ""
| #define PACKAGE_STRING ""
| #define PACKAGE_BUGREPORT ""
| #define PACKAGE "poke"
| #define VERSION "1.0"
| /* end confdefs.h.  */
| #include <ac_nonexistent.h>
configure:3582: result: gcc -E
configure:3611: gcc -E  conftest.c
configure:3618: $? = 0
configure:3649: gcc -E  conftest.c
conftest.c:10:28: error: ac_nonexistent.h: No such file or directory
configure:3656: $? = 1
configure: failed program was:
| /* confdefs.h.  */
| #define PACKAGE_NAME ""
| #define PACKAGE_TARNAME ""
| #define PACKAGE_VERSION ""
| #define PACKAGE_STRING ""
| #define PACKAGE_BUGREPORT ""
| #define PACKAGE "poke"
| #define VERSION "1.0"
| /* end confdefs.h.  */
| #include <ac_nonexistent.h>
configure:3696: checking for grep that handles long lines and -e
configure:3756: result: /bin/grep
configure:3761: checking for egrep
configure:3825: result: /bin/grep -E
configure:3830: checking for ANSI C header files
configure:3860: gcc -c -g -O2  conftest.c >&5
configure:3867: $? = 0
configure:3966: gcc -o conftest -g -O2   conftest.c  >&5
configure:3970: $? = 0
configure:3976: ./conftest
configure:3980: $? = 0
configure:3998: result: yes
configure:4022: checking for sys/types.h
configure:4043: gcc -c -g -O2  conftest.c >&5
configure:4050: $? = 0
configure:4067: result: yes
configure:4022: checking for sys/stat.h
configure:4043: gcc -c -g -O2  conftest.c >&5
configure:4050: $? = 0
configure:4067: result: yes
configure:4022: checking for stdlib.h
configure:4043: gcc -c -g -O2  conftest.c >&5
configure:4050: $? = 0
configure:4067: result: yes
configure:4022: checking for string.h
configure:4043: gcc -c -g -O2  conftest.c >&5
configure:4050: $? = 0
configure:4067: result: yes
configure:4022: checking for memory.h
configure:4043: gcc -c -g -O2  conftest.c >&5
configure:4050: $? = 0
configure:4067: result: yes
configure:4022: checking for strings.h
configure:4043: gcc -c -g -O2  conftest.c >&5
configure:4050: $? = 0
configure:4067: result: yes
configure:4022: checking for inttypes.h
configure:4043: gcc -c -g -O2  conftest.c >&5
configure:4050: $? = 0
configure:4067: result: yes
configure:4022: checking for stdint.h
configure:4043: gcc -c -g -O2  conftest.c >&5
configure:4050: $? = 0
configure:4067: result: yes
configure:4022: checking for unistd.h
configure:4043: gcc -c -g -O2  conftest.c >&5
configure:4050: $? = 0
configure:4067: result: yes
configure:4097: checking utime.h usability
configure:4114: gcc -c -g -O2  conftest.c >&5
configure:4121: $? = 0
configure:4135: result: yes
configure:4139: checking utime.h presence
configure:4154: gcc -E  conftest.c
configure:4161: $? = 0
configure:4175: result: yes
configure:4203: checking for utime.h
configure:4212: result: yes
configure:4253: checking for utime.h
configure:4260: result: yes
configure:4402: checking whether utime accepts a null argument
configure:4441: gcc -o conftest -g -O2   conftest.c  >&5
configure:4445: $? = 0
configure:4451: ./conftest
configure:4455: $? = 0
configure:4472: result: yes
configure:4609: creating ./config.status

## ---------------------- ##
## Running config.status. ##
## ---------------------- ##

This file was extended by config.status, which was
generated by GNU Autoconf 2.63.  Invocation command line was

  CONFIG_FILES    = 
  CONFIG_HEADERS  = 
  CONFIG_LINKS    = 
  CONFIG_COMMANDS = 
  $ ./config.status 

on fedora.localdomain

config.status:775: creating Makefile
config.status:775: creating config.h
config.status:1049: executing depfiles commands

## ---------------- ##
## Cache variables. ##
## ---------------- ##

ac_cv_c_compiler_gnu=yes
ac_cv_env_CC_set=
ac_cv_env_CC_value=
ac_cv_env_CFLAGS_set=
ac_cv_env_CFLAGS_value=
ac_cv_env_CPPFLAGS_set=
ac_cv_env_CPPFLAGS_value=
ac_cv_env_CPP_set=
ac_cv_env_CPP_value=
ac_cv_env_LDFLAGS_set=
ac_cv_env_LDFLAGS_value=
ac_cv_env_LIBS_set=
ac_cv_env_LIBS_value=
ac_cv_env_build_alias_set=
ac_cv_env_build_alias_value=
ac_cv_env_host_alias_set=
ac_cv_env_host_alias_value=
ac_cv_env_target_alias_set=
ac_cv_env_target_alias_value=
ac_cv_func_utime_null=yes
ac_cv_header_inttypes_h=yes
ac_cv_header_memory_h=yes
ac_cv_header_stdc=yes
ac_cv_header_stdint_h=yes
ac_cv_header_stdlib_h=yes
ac_cv_header_string_h=yes
ac_cv_header_strings_h=yes
ac_cv_header_sys_stat_h=yes
ac_cv_header_sys_types_h=yes
ac_cv_header_unistd_h=yes
ac_cv_header_utime_h=yes
ac_cv_objext=o
ac_cv_path_EGREP='/bin/grep -E'
ac_cv_path_GREP=/bin/grep
ac_cv_path_install='/usr/bin/install -c'
ac_cv_path_mkdir=/bin/mkdir
ac_cv_prog_AWK=gawk
ac_cv_prog_CPP='gcc -E'
ac_cv_prog_ac_ct_CC=gcc
ac_cv_prog_cc_c89=
ac_cv_prog_cc_g=yes
ac_cv_prog_make_make_set=yes
am_cv_CC_dependencies_compiler_type=gcc3

## ----------------- ##
## Output variables. ##
## ----------------- ##

ACLOCAL='${SHELL} /home/ren/git/farm/gnuconfigure/demo3/missing --run aclocal-1.11'
AMDEPBACKSLASH='\'
AMDEP_FALSE='#'
AMDEP_TRUE=''
AMTAR='${SHELL} /home/ren/git/farm/gnuconfigure/demo3/missing --run tar'
AUTOCONF='${SHELL} /home/ren/git/farm/gnuconfigure/demo3/missing --run autoconf'
AUTOHEADER='${SHELL} /home/ren/git/farm/gnuconfigure/demo3/missing --run autoheader'
AUTOMAKE='${SHELL} /home/ren/git/farm/gnuconfigure/demo3/missing --run automake-1.11'
AWK='gawk'
CC='gcc'
CCDEPMODE='depmode=gcc3'
CFLAGS='-g -O2'
CPP='gcc -E'
CPPFLAGS=''
CYGPATH_W='echo'
DEFS='-DHAVE_CONFIG_H'
DEPDIR='.deps'
ECHO_C=''
ECHO_N='-n'
ECHO_T=''
EGREP='/bin/grep -E'
EXEEXT=''
GREP='/bin/grep'
INSTALL_DATA='${INSTALL} -m 644'
INSTALL_PROGRAM='${INSTALL}'
INSTALL_SCRIPT='${INSTALL}'
INSTALL_STRIP_PROGRAM='$(install_sh) -c -s'
LDFLAGS=''
LIBOBJS=''
LIBS=''
LTLIBOBJS=''
MAKEINFO='${SHELL} /home/ren/git/farm/gnuconfigure/demo3/missing --run makeinfo'
MKDIR_P='/bin/mkdir -p'
OBJEXT='o'
PACKAGE='poke'
PACKAGE_BUGREPORT=''
PACKAGE_NAME=''
PACKAGE_STRING=''
PACKAGE_TARNAME=''
PACKAGE_VERSION=''
PATH_SEPARATOR=':'
SET_MAKE=''
SHELL='/bin/sh'
STRIP=''
VERSION='1.0'
ac_ct_CC='gcc'
am__EXEEXT_FALSE=''
am__EXEEXT_TRUE='#'
am__fastdepCC_FALSE='#'
am__fastdepCC_TRUE=''
am__include='include'
am__isrc=''
am__leading_dot='.'
am__quote=''
am__tar='${AMTAR} chof - "$$tardir"'
am__untar='${AMTAR} xf -'
bindir='${exec_prefix}/bin'
build_alias=''
datadir='${datarootdir}'
datarootdir='${prefix}/share'
docdir='${datarootdir}/doc/${PACKAGE}'
dvidir='${docdir}'
exec_prefix='${prefix}'
host_alias=''
htmldir='${docdir}'
includedir='${prefix}/include'
infodir='${datarootdir}/info'
install_sh='${SHELL} /home/ren/git/farm/gnuconfigure/demo3/install-sh'
libdir='${exec_prefix}/lib'
libexecdir='${exec_prefix}/libexec'
localedir='${datarootdir}/locale'
localstatedir='${prefix}/var'
mandir='${datarootdir}/man'
mkdir_p='/bin/mkdir -p'
oldincludedir='/usr/include'
pdfdir='${docdir}'
prefix='/usr/local'
program_transform_name='s,x,x,'
psdir='${docdir}'
sbindir='${exec_prefix}/sbin'
sharedstatedir='${prefix}/com'
sysconfdir='${prefix}/etc'
target_alias=''

## ----------- ##
## confdefs.h. ##
## ----------- ##

#define PACKAGE_NAME ""
#define PACKAGE_TARNAME ""
#define PACKAGE_VERSION ""
#define PACKAGE_STRING ""
#define PACKAGE_BUGREPORT ""
#define PACKAGE "poke"
#define VERSION "1.0"
#define STDC_HEADERS 1
#define HAVE_SYS_TYPES_H 1
#define HAVE_SYS_STAT_H 1
#define HAVE_STDLIB_H 1
#define HAVE_STRING_H 1
#define HAVE_MEMORY_H 1
#define HAVE_STRINGS_H 1
#define HAVE_INTTYPES_H 1
#define HAVE_STDINT_H 1
#define HAVE_UNISTD_H 1
#define HAVE_UTIME_H 1
#define HAVE_STRUCT_UTIMBUF 1
#define HAVE_UTIME_H 1
#define HAVE_UTIME_NULL 1

configure: exit 0
